<?xml version="1.0" encoding="UTF-8"?>
<!-- Generated by org.testng.reporters.JUnitXMLReporter -->
<testsuite ignored="0" hostname="LAPTOP-VNBA3OG5" failures="0" tests="4" name="Default test" time="0.106" errors="0" timestamp="2021-10-18T10:41:37 CDT">
  <testcase classname="ContainsSubString.WordContainsSubString" name="test1" time="0.017"/>
  <testcase classname="ContainsSubString.WordContainsSubString" name="test2" time="0.002"/>
  <testcase classname="ContainsSubString.WordContainsSubString" name="test3" time="0.002"/>
  <testcase classname="ContainsSubString.WordContainsSubString" name="test4" time="0.002"/>
</testsuite> <!-- Default test -->
