<?xml version="1.0" encoding="UTF-8"?>
<testng-results ignored="0" total="4" passed="4" failed="0" skipped="0">
  <reporter-output>
  </reporter-output>
  <suite started-at="2021-10-18T10:41:37 CDT" name="Default suite" finished-at="2021-10-18T10:41:37 CDT" duration-ms="106">
    <groups>
    </groups>
    <test started-at="2021-10-18T10:41:37 CDT" name="Default test" finished-at="2021-10-18T10:41:37 CDT" duration-ms="106">
      <class name="ContainsSubString.WordContainsSubString">
        <test-method signature="test1()[pri:0, instance:ContainsSubString.WordContainsSubString@79ad8b2f]" started-at="2021-10-18T10:41:37 CDT" name="test1" finished-at="2021-10-18T10:41:37 CDT" duration-ms="17" status="PASS">
          <reporter-output>
          </reporter-output>
        </test-method> <!-- test1 -->
        <test-method signature="test2()[pri:0, instance:ContainsSubString.WordContainsSubString@79ad8b2f]" started-at="2021-10-18T10:41:37 CDT" name="test2" finished-at="2021-10-18T10:41:37 CDT" duration-ms="2" status="PASS">
          <reporter-output>
          </reporter-output>
        </test-method> <!-- test2 -->
        <test-method signature="test3()[pri:0, instance:ContainsSubString.WordContainsSubString@79ad8b2f]" started-at="2021-10-18T10:41:37 CDT" name="test3" finished-at="2021-10-18T10:41:37 CDT" duration-ms="2" status="PASS">
          <reporter-output>
          </reporter-output>
        </test-method> <!-- test3 -->
        <test-method signature="test4()[pri:0, instance:ContainsSubString.WordContainsSubString@79ad8b2f]" started-at="2021-10-18T10:41:37 CDT" name="test4" finished-at="2021-10-18T10:41:37 CDT" duration-ms="2" status="PASS">
          <reporter-output>
          </reporter-output>
        </test-method> <!-- test4 -->
      </class> <!-- ContainsSubString.WordContainsSubString -->
    </test> <!-- Default test -->
  </suite> <!-- Default suite -->
</testng-results>
